<?xml version="1.0" encoding="UTF-8"?>
<!-- Generated by org.testng.reporters.JUnitXMLReporter -->
<testsuite hostname="Vinayak-Lenovo" name="Test" tests="3" failures="0" timestamp="6 Jan 2021 07:33:19 GMT" time="29.239" errors="0">
  <testcase name="navigateMenu" time="0.111" classname="E2E_Project.navigationMenu"/>
  <testcase name="getBrowser" time="9.824" classname="E2E_Project.startBrowser"/>
  <testcase name="getBrowser" time="10.115" classname="E2E_Project.startBrowser"/>
</testsuite> <!-- Test -->
