<?xml version="1.0" encoding="UTF-8"?>
<!-- Generated by org.testng.reporters.JUnitXMLReporter -->
<testsuite hostname="Vinayak-Lenovo" name="Test" tests="4" failures="0" timestamp="6 Jan 2021 07:48:40 GMT" time="39.821" errors="0">
  <testcase name="navigateMenu" time="0.262" classname="E2E_Project.navigationMenu"/>
  <testcase name="getBrowser" time="11.187" classname="E2E_Project.startBrowser"/>
  <testcase name="getBrowser" time="10.218" classname="E2E_Project.startBrowser"/>
  <testcase name="checkTitle" time="0.268" classname="E2E_Project.validateTitle"/>
</testsuite> <!-- Test -->
