<?xml version="1.0" encoding="UTF-8"?>
<testng-results skipped="0" failed="0" ignored="0" total="3" passed="3">
  <reporter-output>
  </reporter-output>
  <suite name="Suite" duration-ms="29476" started-at="2021-01-07T15:55:15 IST" finished-at="2021-01-07T15:55:44 IST">
    <groups>
    </groups>
    <test name="Test-Navigation Menu" duration-ms="16350" started-at="2021-01-07T15:55:15 IST" finished-at="2021-01-07T15:55:31 IST">
      <class name="E2E_Project.navigationMenu">
        <test-method status="PASS" signature="browser()[pri:0, instance:E2E_Project.navigationMenu@34bde49d]" name="browser" is-config="true" duration-ms="14581" started-at="2021-01-07T15:55:15 IST" finished-at="2021-01-07T15:55:29 IST">
          <reporter-output>
          </reporter-output>
        </test-method> <!-- browser -->
        <test-method status="PASS" signature="navigateMenu()[pri:0, instance:E2E_Project.navigationMenu@34bde49d]" name="navigateMenu" duration-ms="192" started-at="2021-01-07T15:55:29 IST" finished-at="2021-01-07T15:55:30 IST">
          <reporter-output>
          </reporter-output>
        </test-method> <!-- navigateMenu -->
        <test-method status="PASS" signature="closeBrowser()[pri:0, instance:E2E_Project.navigationMenu@34bde49d]" name="closeBrowser" is-config="true" duration-ms="1566" started-at="2021-01-07T15:55:30 IST" finished-at="2021-01-07T15:55:31 IST">
          <reporter-output>
          </reporter-output>
        </test-method> <!-- closeBrowser -->
      </class> <!-- E2E_Project.navigationMenu -->
    </test> <!-- Test-Navigation Menu -->
    <test name="Test-Browser Initilization" duration-ms="29476" started-at="2021-01-07T15:55:15 IST" finished-at="2021-01-07T15:55:44 IST">
      <class name="E2E_Project.startBrowser">
        <test-method status="PASS" signature="getBrowser(java.lang.String, java.lang.String)[pri:0, instance:E2E_Project.startBrowser@66ea810]" name="getBrowser" duration-ms="17905" started-at="2021-01-07T15:55:15 IST" data-provider="getData" finished-at="2021-01-07T15:55:33 IST">
          <params>
            <param index="0">
              <value>
                <![CDATA[vinayak.com]]>
              </value>
            </param>
            <param index="1">
              <value>
                <![CDATA[123]]>
              </value>
            </param>
          </params>
          <reporter-output>
          </reporter-output>
        </test-method> <!-- getBrowser -->
        <test-method status="PASS" signature="getBrowser(java.lang.String, java.lang.String)[pri:0, instance:E2E_Project.startBrowser@66ea810]" name="getBrowser" duration-ms="11539" started-at="2021-01-07T15:55:33 IST" data-provider="getData" finished-at="2021-01-07T15:55:44 IST">
          <params>
            <param index="0">
              <value>
                <![CDATA[Thakar.com]]>
              </value>
            </param>
            <param index="1">
              <value>
                <![CDATA[456]]>
              </value>
            </param>
          </params>
          <reporter-output>
          </reporter-output>
        </test-method> <!-- getBrowser -->
      </class> <!-- E2E_Project.startBrowser -->
    </test> <!-- Test-Browser Initilization -->
  </suite> <!-- Suite -->
</testng-results>
